<?xml version="1.0" encoding="UTF-8"?>
<!-- Generated by org.testng.reporters.JUnitReportReporter -->
<testsuite hostname="DESKTOP-1O1KQ71" failures="0" tests="4" name="com.test.Ecommerce" time="34.863" errors="0" timestamp="2023-07-31T19:32:35 IST" skipped="0">
  <testcase classname="com.test.Ecommerce" name="LaunchFirefox" time="6.010"/>
  <testcase classname="com.test.Ecommerce" name="LaunchChrome" time="2.028"/>
  <testcase classname="com.test.Ecommerce" name="chromeTest" time="9.914"/>
  <testcase classname="com.test.Ecommerce" name="firefoxTest" time="16.911"/>
</testsuite> <!-- com.test.Ecommerce -->
