<?xml version="1.0" encoding="UTF-8"?>
<!-- Generated by org.testng.reporters.JUnitReportReporter -->
<testsuite hostname="DESKTOP-1O1KQ71" failures="0" tests="7" name="com.aadhar.MAadharAppApplicationTestsCode" time="36.082" errors="0" timestamp="2023-08-02T16:44:08 IST" skipped="0">
  <testcase classname="com.aadhar.MAadharAppApplicationTestsCode" name="testing" time="3.526"/>
  <system-out/>
  <testcase classname="com.aadhar.MAadharAppApplicationTestsCode" name="signup" time="7.470"/>
  <system-out/>
  <testcase classname="com.aadhar.MAadharAppApplicationTestsCode" name="signin" time="5.565"/>
  <system-out/>
  <testcase classname="com.aadhar.MAadharAppApplicationTestsCode" name="adminhome" time="3.210"/>
  <system-out/>
  <testcase classname="com.aadhar.MAadharAppApplicationTestsCode" name="userhome" time="7.314"/>
  <system-out/>
  <testcase classname="com.aadhar.MAadharAppApplicationTestsCode" name="loadusers" time="3.723"/>
  <system-out/>
  <testcase classname="com.aadhar.MAadharAppApplicationTestsCode" name="approve" time="5.274"/>
  <system-out/>
</testsuite> <!-- com.aadhar.MAadharAppApplicationTestsCode -->
